<?xml version="1.0" encoding="UTF-8"?>
<testng-results skipped="0" failed="0" ignored="0" total="2" passed="2">
  <reporter-output>
  </reporter-output>
  <suite name="Default suite" duration-ms="4112" started-at="2020-07-21T14:57:19Z" finished-at="2020-07-21T14:57:23Z">
    <groups>
    </groups>
    <test name="Default test" duration-ms="4112" started-at="2020-07-21T14:57:19Z" finished-at="2020-07-21T14:57:23Z">
      <class name="Assignment.Rest_API_Automation">
        <test-method status="PASS" signature="TestGet()[pri:1, instance:Assignment.Rest_API_Automation@8646db9]" name="TestGet" duration-ms="4070" started-at="2020-07-21T14:57:19Z" finished-at="2020-07-21T14:57:23Z">
          <reporter-output>
          </reporter-output>
        </test-method> <!-- TestGet -->
        <test-method status="PASS" signature="TestPost()[pri:2, instance:Assignment.Rest_API_Automation@8646db9]" name="TestPost" duration-ms="5" started-at="2020-07-21T14:57:23Z" finished-at="2020-07-21T14:57:23Z">
          <reporter-output>
          </reporter-output>
        </test-method> <!-- TestPost -->
      </class> <!-- Assignment.Rest_API_Automation -->
    </test> <!-- Default test -->
  </suite> <!-- Default suite -->
</testng-results>
